mode: set
github.com/fgouteroux/sectigo-client/sectigo/sectigo.go:259.78,265.13 5 1
github.com/fgouteroux/sectigo-client/sectigo/sectigo.go:265.13,267.22 2 0
github.com/fgouteroux/sectigo-client/sectigo/sectigo.go:267.22,271.4 3 0
github.com/fgouteroux/sectigo-client/sectigo/sectigo.go:274.2,275.16 2 1
github.com/fgouteroux/sectigo-client/sectigo/sectigo.go:275.16,277.3 1 0
github.com/fgouteroux/sectigo-client/sectigo/sectigo.go:279.2,279.13 1 1
github.com/fgouteroux/sectigo-client/sectigo/sectigo.go:279.13,284.3 4 0
github.com/fgouteroux/sectigo-client/sectigo/sectigo.go:286.2,286.18 1 1
github.com/fgouteroux/sectigo-client/sectigo/sectigo.go:290.39,307.2 2 1
github.com/fgouteroux/sectigo-client/sectigo/sectigo.go:310.102,313.16 3 1
github.com/fgouteroux/sectigo-client/sectigo/sectigo.go:313.16,315.3 1 0
github.com/fgouteroux/sectigo-client/sectigo/sectigo.go:317.2,317.38 1 1
github.com/fgouteroux/sectigo-client/sectigo/sectigo.go:317.38,319.3 1 1
github.com/fgouteroux/sectigo-client/sectigo/sectigo.go:321.2,322.16 2 1
github.com/fgouteroux/sectigo-client/sectigo/sectigo.go:322.16,324.3 1 0
github.com/fgouteroux/sectigo-client/sectigo/sectigo.go:326.2,326.24 1 1
github.com/fgouteroux/sectigo-client/sectigo/sectigo.go:330.94,333.16 3 1
github.com/fgouteroux/sectigo-client/sectigo/sectigo.go:333.16,335.3 1 0
github.com/fgouteroux/sectigo-client/sectigo/sectigo.go:337.2,338.16 2 1
github.com/fgouteroux/sectigo-client/sectigo/sectigo.go:338.16,340.3 1 1
github.com/fgouteroux/sectigo-client/sectigo/sectigo.go:342.2,344.16 3 1
github.com/fgouteroux/sectigo-client/sectigo/sectigo.go:344.16,346.3 1 0
github.com/fgouteroux/sectigo-client/sectigo/sectigo.go:348.2,348.28 1 1
github.com/fgouteroux/sectigo-client/sectigo/sectigo.go:352.87,355.16 3 1
github.com/fgouteroux/sectigo-client/sectigo/sectigo.go:355.16,357.3 1 0
github.com/fgouteroux/sectigo-client/sectigo/sectigo.go:359.2,360.16 2 1
github.com/fgouteroux/sectigo-client/sectigo/sectigo.go:360.16,362.3 1 0
github.com/fgouteroux/sectigo-client/sectigo/sectigo.go:364.2,365.16 2 1
github.com/fgouteroux/sectigo-client/sectigo/sectigo.go:365.16,367.3 1 0
github.com/fgouteroux/sectigo-client/sectigo/sectigo.go:368.2,370.43 2 1
github.com/fgouteroux/sectigo-client/sectigo/sectigo.go:370.43,372.3 1 1
github.com/fgouteroux/sectigo-client/sectigo/sectigo.go:374.2,374.12 1 1
github.com/fgouteroux/sectigo-client/sectigo/sectigo.go:378.72,381.16 3 1
github.com/fgouteroux/sectigo-client/sectigo/sectigo.go:381.16,383.3 1 0
github.com/fgouteroux/sectigo-client/sectigo/sectigo.go:385.2,386.16 2 1
github.com/fgouteroux/sectigo-client/sectigo/sectigo.go:386.16,388.3 1 0
github.com/fgouteroux/sectigo-client/sectigo/sectigo.go:389.2,391.45 2 1
github.com/fgouteroux/sectigo-client/sectigo/sectigo.go:391.45,393.3 1 1
github.com/fgouteroux/sectigo-client/sectigo/sectigo.go:395.2,395.12 1 1
github.com/fgouteroux/sectigo-client/sectigo/sectigo.go:399.118,402.16 3 1
github.com/fgouteroux/sectigo-client/sectigo/sectigo.go:402.16,404.3 1 0
github.com/fgouteroux/sectigo-client/sectigo/sectigo.go:406.2,407.16 2 1
github.com/fgouteroux/sectigo-client/sectigo/sectigo.go:407.16,409.3 1 0
github.com/fgouteroux/sectigo-client/sectigo/sectigo.go:411.2,412.16 2 1
github.com/fgouteroux/sectigo-client/sectigo/sectigo.go:412.16,414.3 1 0
github.com/fgouteroux/sectigo-client/sectigo/sectigo.go:415.2,417.38 2 1
github.com/fgouteroux/sectigo-client/sectigo/sectigo.go:417.38,419.3 1 1
github.com/fgouteroux/sectigo-client/sectigo/sectigo.go:421.2,421.12 1 1
github.com/fgouteroux/sectigo-client/sectigo/sectigo.go:425.99,428.16 3 1
github.com/fgouteroux/sectigo-client/sectigo/sectigo.go:428.16,430.3 1 0
github.com/fgouteroux/sectigo-client/sectigo/sectigo.go:432.2,433.16 2 1
github.com/fgouteroux/sectigo-client/sectigo/sectigo.go:433.16,435.3 1 0
github.com/fgouteroux/sectigo-client/sectigo/sectigo.go:437.2,438.16 2 1
github.com/fgouteroux/sectigo-client/sectigo/sectigo.go:438.16,440.3 1 0
github.com/fgouteroux/sectigo-client/sectigo/sectigo.go:441.2,443.38 2 1
github.com/fgouteroux/sectigo-client/sectigo/sectigo.go:443.38,445.3 1 1
github.com/fgouteroux/sectigo-client/sectigo/sectigo.go:447.2,447.12 1 1
github.com/fgouteroux/sectigo-client/sectigo/sectigo.go:451.104,453.16 2 1
github.com/fgouteroux/sectigo-client/sectigo/sectigo.go:453.16,455.3 1 0
github.com/fgouteroux/sectigo-client/sectigo/sectigo.go:457.2,460.23 4 1
github.com/fgouteroux/sectigo-client/sectigo/sectigo.go:460.23,462.3 1 1
github.com/fgouteroux/sectigo-client/sectigo/sectigo.go:463.2,463.24 1 1
github.com/fgouteroux/sectigo-client/sectigo/sectigo.go:463.24,465.3 1 1
github.com/fgouteroux/sectigo-client/sectigo/sectigo.go:466.2,466.25 1 1
github.com/fgouteroux/sectigo-client/sectigo/sectigo.go:466.25,468.3 1 1
github.com/fgouteroux/sectigo-client/sectigo/sectigo.go:469.2,469.22 1 1
github.com/fgouteroux/sectigo-client/sectigo/sectigo.go:469.22,471.3 1 1
github.com/fgouteroux/sectigo-client/sectigo/sectigo.go:472.2,475.16 3 1
github.com/fgouteroux/sectigo-client/sectigo/sectigo.go:475.16,477.3 1 0
github.com/fgouteroux/sectigo-client/sectigo/sectigo.go:479.2,480.16 2 1
github.com/fgouteroux/sectigo-client/sectigo/sectigo.go:480.16,482.3 1 1
github.com/fgouteroux/sectigo-client/sectigo/sectigo.go:484.2,486.16 3 1
github.com/fgouteroux/sectigo-client/sectigo/sectigo.go:486.16,488.3 1 0
github.com/fgouteroux/sectigo-client/sectigo/sectigo.go:490.2,492.28 3 1
github.com/fgouteroux/sectigo-client/sectigo/sectigo.go:492.28,494.3 1 1
github.com/fgouteroux/sectigo-client/sectigo/sectigo.go:496.2,496.33 1 1
github.com/fgouteroux/sectigo-client/sectigo/sectigo.go:500.96,505.6 4 1
github.com/fgouteroux/sectigo-client/sectigo/sectigo.go:505.6,509.17 4 1
github.com/fgouteroux/sectigo-client/sectigo/sectigo.go:509.17,511.4 1 1
github.com/fgouteroux/sectigo-client/sectigo/sectigo.go:513.3,515.109 2 1
github.com/fgouteroux/sectigo-client/sectigo/sectigo.go:515.109,516.9 1 1
github.com/fgouteroux/sectigo-client/sectigo/sectigo.go:519.3,519.26 1 0
github.com/fgouteroux/sectigo-client/sectigo/sectigo.go:522.2,522.24 1 1
github.com/fgouteroux/sectigo-client/sectigo/sectigo.go:526.154,529.16 3 1
github.com/fgouteroux/sectigo-client/sectigo/sectigo.go:529.16,531.3 1 0
github.com/fgouteroux/sectigo-client/sectigo/sectigo.go:533.2,534.16 2 1
github.com/fgouteroux/sectigo-client/sectigo/sectigo.go:534.16,536.3 1 0
github.com/fgouteroux/sectigo-client/sectigo/sectigo.go:538.2,539.16 2 1
github.com/fgouteroux/sectigo-client/sectigo/sectigo.go:539.16,541.3 1 1
github.com/fgouteroux/sectigo-client/sectigo/sectigo.go:543.2,545.16 3 1
github.com/fgouteroux/sectigo-client/sectigo/sectigo.go:545.16,547.3 1 0
github.com/fgouteroux/sectigo-client/sectigo/sectigo.go:549.2,549.33 1 1
github.com/fgouteroux/sectigo-client/sectigo/sectigo.go:553.157,556.16 3 1
github.com/fgouteroux/sectigo-client/sectigo/sectigo.go:556.16,558.3 1 0
github.com/fgouteroux/sectigo-client/sectigo/sectigo.go:560.2,561.16 2 1
github.com/fgouteroux/sectigo-client/sectigo/sectigo.go:561.16,563.3 1 0
github.com/fgouteroux/sectigo-client/sectigo/sectigo.go:565.2,566.16 2 1
github.com/fgouteroux/sectigo-client/sectigo/sectigo.go:566.16,568.3 1 1
github.com/fgouteroux/sectigo-client/sectigo/sectigo.go:570.2,572.16 3 1
github.com/fgouteroux/sectigo-client/sectigo/sectigo.go:572.16,574.3 1 0
github.com/fgouteroux/sectigo-client/sectigo/sectigo.go:576.2,576.33 1 1
github.com/fgouteroux/sectigo-client/sectigo/sectigo.go:580.151,583.16 3 1
github.com/fgouteroux/sectigo-client/sectigo/sectigo.go:583.16,585.3 1 0
github.com/fgouteroux/sectigo-client/sectigo/sectigo.go:587.2,588.16 2 1
github.com/fgouteroux/sectigo-client/sectigo/sectigo.go:588.16,590.3 1 0
github.com/fgouteroux/sectigo-client/sectigo/sectigo.go:592.2,593.16 2 1
github.com/fgouteroux/sectigo-client/sectigo/sectigo.go:593.16,595.3 1 1
github.com/fgouteroux/sectigo-client/sectigo/sectigo.go:597.2,599.16 3 1
github.com/fgouteroux/sectigo-client/sectigo/sectigo.go:599.16,601.3 1 0
github.com/fgouteroux/sectigo-client/sectigo/sectigo.go:603.2,603.33 1 1
github.com/fgouteroux/sectigo-client/sectigo/sectigo.go:607.133,608.52 1 1
github.com/fgouteroux/sectigo-client/sectigo/sectigo.go:608.52,610.17 2 1
github.com/fgouteroux/sectigo-client/sectigo/sectigo.go:610.17,612.4 1 1
github.com/fgouteroux/sectigo-client/sectigo/sectigo.go:614.3,614.41 1 1
github.com/fgouteroux/sectigo-client/sectigo/sectigo.go:614.41,617.12 3 0
github.com/fgouteroux/sectigo-client/sectigo/sectigo.go:620.3,620.13 1 1
github.com/fgouteroux/sectigo-client/sectigo/sectigo.go:623.2,623.73 1 0
github.com/fgouteroux/sectigo-client/sectigo/sectigo.go:627.134,629.16 2 1
github.com/fgouteroux/sectigo-client/sectigo/sectigo.go:629.16,631.3 1 0
github.com/fgouteroux/sectigo-client/sectigo/sectigo.go:633.2,636.25 4 1
github.com/fgouteroux/sectigo-client/sectigo/sectigo.go:636.25,638.3 1 1
github.com/fgouteroux/sectigo-client/sectigo/sectigo.go:639.2,639.20 1 1
github.com/fgouteroux/sectigo-client/sectigo/sectigo.go:639.20,641.3 1 1
github.com/fgouteroux/sectigo-client/sectigo/sectigo.go:642.2,642.27 1 1
github.com/fgouteroux/sectigo-client/sectigo/sectigo.go:642.27,644.3 1 1
github.com/fgouteroux/sectigo-client/sectigo/sectigo.go:645.2,645.28 1 1
github.com/fgouteroux/sectigo-client/sectigo/sectigo.go:645.28,647.3 1 1
github.com/fgouteroux/sectigo-client/sectigo/sectigo.go:648.2,648.30 1 1
github.com/fgouteroux/sectigo-client/sectigo/sectigo.go:648.30,650.3 1 1
github.com/fgouteroux/sectigo-client/sectigo/sectigo.go:651.2,651.26 1 1
github.com/fgouteroux/sectigo-client/sectigo/sectigo.go:651.26,653.3 1 1
github.com/fgouteroux/sectigo-client/sectigo/sectigo.go:654.2,657.16 3 1
github.com/fgouteroux/sectigo-client/sectigo/sectigo.go:657.16,659.3 1 0
github.com/fgouteroux/sectigo-client/sectigo/sectigo.go:661.2,662.16 2 1
github.com/fgouteroux/sectigo-client/sectigo/sectigo.go:662.16,664.3 1 1
github.com/fgouteroux/sectigo-client/sectigo/sectigo.go:666.2,668.16 3 1
github.com/fgouteroux/sectigo-client/sectigo/sectigo.go:668.16,670.3 1 0
github.com/fgouteroux/sectigo-client/sectigo/sectigo.go:672.2,674.28 3 1
github.com/fgouteroux/sectigo-client/sectigo/sectigo.go:674.28,676.3 1 1
github.com/fgouteroux/sectigo-client/sectigo/sectigo.go:678.2,678.43 1 1
github.com/fgouteroux/sectigo-client/sectigo/sectigo.go:682.126,687.6 4 1
github.com/fgouteroux/sectigo-client/sectigo/sectigo.go:687.6,691.17 4 1
github.com/fgouteroux/sectigo-client/sectigo/sectigo.go:691.17,693.4 1 1
github.com/fgouteroux/sectigo-client/sectigo/sectigo.go:695.3,697.129 2 1
github.com/fgouteroux/sectigo-client/sectigo/sectigo.go:697.129,698.9 1 1
github.com/fgouteroux/sectigo-client/sectigo/sectigo.go:701.3,701.26 1 0
github.com/fgouteroux/sectigo-client/sectigo/sectigo.go:704.2,704.34 1 1
github.com/fgouteroux/sectigo-client/sectigo/sectigo.go:708.91,711.16 3 1
github.com/fgouteroux/sectigo-client/sectigo/sectigo.go:711.16,713.3 1 0
github.com/fgouteroux/sectigo-client/sectigo/sectigo.go:715.2,716.16 2 1
github.com/fgouteroux/sectigo-client/sectigo/sectigo.go:716.16,718.3 1 1
github.com/fgouteroux/sectigo-client/sectigo/sectigo.go:720.2,722.16 3 1
github.com/fgouteroux/sectigo-client/sectigo/sectigo.go:722.16,724.3 1 0
github.com/fgouteroux/sectigo-client/sectigo/sectigo.go:726.2,726.39 1 1
github.com/fgouteroux/sectigo-client/sectigo/sectigo.go:730.119,732.16 2 1
github.com/fgouteroux/sectigo-client/sectigo/sectigo.go:732.16,734.3 1 0
github.com/fgouteroux/sectigo-client/sectigo/sectigo.go:736.2,741.23 5 1
github.com/fgouteroux/sectigo-client/sectigo/sectigo.go:741.23,743.3 1 1
github.com/fgouteroux/sectigo-client/sectigo/sectigo.go:744.2,744.29 1 1
github.com/fgouteroux/sectigo-client/sectigo/sectigo.go:744.29,746.3 1 1
github.com/fgouteroux/sectigo-client/sectigo/sectigo.go:747.2,747.37 1 1
github.com/fgouteroux/sectigo-client/sectigo/sectigo.go:747.37,749.3 1 1
github.com/fgouteroux/sectigo-client/sectigo/sectigo.go:750.2,750.25 1 1
github.com/fgouteroux/sectigo-client/sectigo/sectigo.go:750.25,752.3 1 1
github.com/fgouteroux/sectigo-client/sectigo/sectigo.go:753.2,756.16 3 1
github.com/fgouteroux/sectigo-client/sectigo/sectigo.go:756.16,758.3 1 0
github.com/fgouteroux/sectigo-client/sectigo/sectigo.go:760.2,761.16 2 1
github.com/fgouteroux/sectigo-client/sectigo/sectigo.go:761.16,763.3 1 1
github.com/fgouteroux/sectigo-client/sectigo/sectigo.go:765.2,767.16 3 1
github.com/fgouteroux/sectigo-client/sectigo/sectigo.go:767.16,769.3 1 0
github.com/fgouteroux/sectigo-client/sectigo/sectigo.go:771.2,773.28 3 1
github.com/fgouteroux/sectigo-client/sectigo/sectigo.go:773.28,775.3 1 1
github.com/fgouteroux/sectigo-client/sectigo/sectigo.go:777.2,777.38 1 1
github.com/fgouteroux/sectigo-client/sectigo/sectigo.go:781.111,786.6 4 1
github.com/fgouteroux/sectigo-client/sectigo/sectigo.go:786.6,790.17 4 1
github.com/fgouteroux/sectigo-client/sectigo/sectigo.go:790.17,792.4 1 1
github.com/fgouteroux/sectigo-client/sectigo/sectigo.go:794.3,796.120 2 1
github.com/fgouteroux/sectigo-client/sectigo/sectigo.go:796.120,797.9 1 1
github.com/fgouteroux/sectigo-client/sectigo/sectigo.go:800.3,800.26 1 0
github.com/fgouteroux/sectigo-client/sectigo/sectigo.go:803.2,803.29 1 1
github.com/fgouteroux/sectigo-client/sectigo/sectigo.go:807.137,809.16 2 1
github.com/fgouteroux/sectigo-client/sectigo/sectigo.go:809.16,811.3 1 0
github.com/fgouteroux/sectigo-client/sectigo/sectigo.go:813.2,817.23 4 1
github.com/fgouteroux/sectigo-client/sectigo/sectigo.go:817.23,819.3 1 0
github.com/fgouteroux/sectigo-client/sectigo/sectigo.go:820.2,820.38 1 1
github.com/fgouteroux/sectigo-client/sectigo/sectigo.go:820.38,822.3 1 0
github.com/fgouteroux/sectigo-client/sectigo/sectigo.go:823.2,823.45 1 1
github.com/fgouteroux/sectigo-client/sectigo/sectigo.go:823.45,825.3 1 0
github.com/fgouteroux/sectigo-client/sectigo/sectigo.go:827.2,830.16 3 1
github.com/fgouteroux/sectigo-client/sectigo/sectigo.go:830.16,832.3 1 0
github.com/fgouteroux/sectigo-client/sectigo/sectigo.go:834.2,835.16 2 1
github.com/fgouteroux/sectigo-client/sectigo/sectigo.go:835.16,837.3 1 1
github.com/fgouteroux/sectigo-client/sectigo/sectigo.go:839.2,841.16 3 1
github.com/fgouteroux/sectigo-client/sectigo/sectigo.go:841.16,843.3 1 0
github.com/fgouteroux/sectigo-client/sectigo/sectigo.go:845.2,847.28 3 1
github.com/fgouteroux/sectigo-client/sectigo/sectigo.go:847.28,849.3 1 1
github.com/fgouteroux/sectigo-client/sectigo/sectigo.go:851.2,851.44 1 1
github.com/fgouteroux/sectigo-client/sectigo/sectigo.go:855.129,860.6 4 1
github.com/fgouteroux/sectigo-client/sectigo/sectigo.go:860.6,864.17 4 1
github.com/fgouteroux/sectigo-client/sectigo/sectigo.go:864.17,866.4 1 1
github.com/fgouteroux/sectigo-client/sectigo/sectigo.go:868.3,870.131 2 1
github.com/fgouteroux/sectigo-client/sectigo/sectigo.go:870.131,871.9 1 1
github.com/fgouteroux/sectigo-client/sectigo/sectigo.go:874.3,874.26 1 0
github.com/fgouteroux/sectigo-client/sectigo/sectigo.go:877.2,877.35 1 1
github.com/fgouteroux/sectigo-client/sectigo/sectigo.go:881.99,885.40 3 1
github.com/fgouteroux/sectigo-client/sectigo/sectigo.go:885.40,887.3 1 1
github.com/fgouteroux/sectigo-client/sectigo/sectigo.go:889.2,890.16 2 1
github.com/fgouteroux/sectigo-client/sectigo/sectigo.go:890.16,892.3 1 0
github.com/fgouteroux/sectigo-client/sectigo/sectigo.go:894.2,895.16 2 1
github.com/fgouteroux/sectigo-client/sectigo/sectigo.go:895.16,897.3 1 0
github.com/fgouteroux/sectigo-client/sectigo/sectigo.go:899.2,900.16 2 1
github.com/fgouteroux/sectigo-client/sectigo/sectigo.go:900.16,902.3 1 0
github.com/fgouteroux/sectigo-client/sectigo/sectigo.go:903.2,905.38 2 1
github.com/fgouteroux/sectigo-client/sectigo/sectigo.go:905.38,907.3 1 1
github.com/fgouteroux/sectigo-client/sectigo/sectigo.go:909.2,909.12 1 1
